[90m2024-12-18T13:30:32.278Z[39m [32mDEBUG[39m [97m@wdio/browserstack-service[39m Sending SDK event with data {
  userName: '[REDACTED]',
  accessKey: '[REDACTED]',
  event_type: 'SDKTestAttempted',
  detectedFramework: 'WebdriverIO-mocha',
  event_properties: {
    language_framework: 'WebdriverIO_mocha',
    referrer: 'WebdriverIO-mocha/9.4.2',
    language: 'WebdriverIO',
    languageVersion: 'v22.11.0',
    buildName: 'undefined',
    buildIdentifier: 'undefined',
    os: 'Darwin',
    hostname: 'cefalos-MacBook-Air.local',
    productMap: {
      observability: true,
      accessibility: false,
      percy: false,
      automate: true,
      app_automate: false
    },
    product: [ 'observability', 'automate' ]
  }
}
[90m2024-12-18T13:30:33.124Z[39m [32mDEBUG[39m [97m@wdio/browserstack-service[39m Funnel Event Response: "{\"message\":\"SDK Event recorded successfully\"}"
[90m2024-12-18T13:30:33.124Z[39m [32mDEBUG[39m [97m@wdio/browserstack-service[39m Funnel event success
[90m2024-12-18T13:30:33.125Z[39m [32mDEBUG[39m [97m@wdio/browserstack-service[39m app is not defined in browserstack-service config, skipping ...
[90m2024-12-18T13:30:33.125Z[39m [32mDEBUG[39m [97m@wdio/browserstack-service[39m Sending launch start event
[90m2024-12-18T13:30:34.507Z[39m [32mDEBUG[39m [97m@wdio/browserstack-service[39m [Start_Build] Success response: {"observability":{"success":true,"options":{"allow_screenshots":true},"code":null,"errors":null,"error_trace_id":null},"accessibility":null,"automate":{"success":true,"options":{"allow_screenshots":true},"code":null,"errors":null,"error_trace_id":null},"build_hashed_id":"dmeya60qfvhystrfx7vddybfxz94gabsaqorrqav","jwt":"eyJhbGciOiJIUzI1NiJ9.eyJpc3MiOiJicm93c2Vyc3RhY2tfb2IiLCJzdWIiOiI5MjE4NDIxIiwiZ3JvdXBfaWQiOjkxMjk0MDYsInVzZXJfaWQiOjkyMTg0MjEsImJ1aWxkX2hhc2hlZF9pZCI6ImRtZXlhNjBxZnZoeXN0cmZ4N3ZkZHliZnh6OTRnYWJzYXFvcnJxYXYiLCJob29rX2FzX3Rlc3QiOiIxIiwiYnVpbGRfbmFtZSI6IndkaW8tYXBwaXVtIiwicHJvZHVjdF9tYXAiOiJ7XCJvYnNlcnZhYmlsaXR5XCI6dHJ1ZSxcImF1dG9tYXRlXCI6dHJ1ZSxcIm9yaWdpbkZyb21Qcm9kdWN0TWFwXCI6XCJBdXRvbWF0ZVwiLFwiYnN0YWNrQXV0b21hdGlvblwiOnRydWUsXCJwcm9kdWN0RmlsdGVyU291cmNlXCI6dHJ1ZSxcImNhZFwiOnRydWV9IiwiZ3JyX3JlZ2lvbiI6IiIsInNpZ25pbmdfa2V5X2hhc2giOiI3ZGY2ZTY4M2M2NzA5MWI2YmNhYjQ5NWUzZjdmMmFhMTY5Yzc1ZjMxZmJhZmE1MGY0NzAyNGM4MWI5ZTcwNTNkIiwiaWF0IjoxNzM0NTI4NjM0LCJleHAiOjE3MzQ4NzQyMzR9.7qxeEkQ7q5R1zihDpKYBeGlzNbU9J8e_uwXrr1YLgEE","app_automate":null}
[90m2024-12-18T13:30:34.507Z[39m [96mINFO[39m [97m@wdio/browserstack-service[39m browserstackLocal is not enabled - skipping...
[90m2024-12-18T13:30:55.349Z[39m [32mDEBUG[39m [97m@wdio/browserstack-service[39m Requesting Browserstack session URL at https://api-cloud.browserstack.com/app-automate/sessions/935cc0019c0e5375633d4f0b4b20dc6616b54727.json
[90m2024-12-18T13:30:56.052Z[39m [96mINFO[39m [97m@wdio/browserstack-service[39m  session: https://app-automate.browserstack.com/builds/5ba19cf8b3fce54d5143b755d68befe710a0de95/sessions/935cc0019c0e5375633d4f0b4b20dc6616b54727
[90m2024-12-18T13:30:56.054Z[39m [96mINFO[39m [97m@wdio/browserstack-service[39m Update job with sessionId 935cc0019c0e5375633d4f0b4b20dc6616b54727
[90m2024-12-18T13:30:56.054Z[39m [32mDEBUG[39m [97m@wdio/browserstack-service[39m Updating Browserstack session at https://api-cloud.browserstack.com/app-automate/sessions/935cc0019c0e5375633d4f0b4b20dc6616b54727.json with request body: 
[90m2024-12-18T13:30:56.443Z[39m [96mINFO[39m [97m@wdio/browserstack-service[39m Update job with sessionId 935cc0019c0e5375633d4f0b4b20dc6616b54727
[90m2024-12-18T13:30:56.443Z[39m [32mDEBUG[39m [97m@wdio/browserstack-service[39m Updating Browserstack session at https://api-cloud.browserstack.com/app-automate/sessions/935cc0019c0e5375633d4f0b4b20dc6616b54727.json with request body: 
[90m2024-12-18T13:30:56.938Z[39m [32mDEBUG[39m [97m@wdio/browserstack-service[39m Added data to request queue. Queue length = 1
[90m2024-12-18T13:30:57.092Z[39m [32mDEBUG[39m [97m@wdio/browserstack-service[39m Added data to request queue. Queue length = 2
[90m2024-12-18T13:30:58.562Z[39m [32mDEBUG[39m [97m@wdio/browserstack-service[39m Added data to request queue. Queue length = 3
[90m2024-12-18T13:30:58.694Z[39m [32mDEBUG[39m [97m@wdio/browserstack-service[39m Added data to request queue. Queue length = 4
[90m2024-12-18T13:30:58.851Z[39m [32mDEBUG[39m [97m@wdio/browserstack-service[39m Added data to request queue. Queue length = 5
[90m2024-12-18T13:30:58.860Z[39m [32mDEBUG[39m [97m@wdio/browserstack-service[39m Accessibility after test hook. Before sending test stop event
[90m2024-12-18T13:30:58.860Z[39m [32mDEBUG[39m [97m@wdio/browserstack-service[39m Added data to request queue. Queue length = 6
[90m2024-12-18T13:30:58.863Z[39m [96mINFO[39m [97m@wdio/browserstack-service[39m Update job with sessionId 935cc0019c0e5375633d4f0b4b20dc6616b54727
[90m2024-12-18T13:30:58.863Z[39m [32mDEBUG[39m [97m@wdio/browserstack-service[39m Updating Browserstack session at https://api-cloud.browserstack.com/app-automate/sessions/935cc0019c0e5375633d4f0b4b20dc6616b54727.json with request body: 
[90m2024-12-18T13:30:58.939Z[39m [32mDEBUG[39m [97m@wdio/browserstack-service[39m Sending data from request queue. Data length = 6, Queue length after removal = 0
[90m2024-12-18T13:30:58.939Z[39m [32mDEBUG[39m [97m@wdio/browserstack-service[39m calling callback with kind INTERVAL_QUEUE
[90m2024-12-18T13:30:58.939Z[39m [32mDEBUG[39m [97m@wdio/browserstack-service[39m callback: called with events 6
[90m2024-12-18T13:31:00.964Z[39m [32mDEBUG[39m [97m@wdio/browserstack-service[39m [BATCH_DATA] Success response: {"success":true}
[90m2024-12-18T13:31:00.964Z[39m [32mDEBUG[39m [97m@wdio/browserstack-service[39m callback: marking events success 6
[90m2024-12-18T13:31:00.967Z[39m [32mDEBUG[39m [97m@wdio/browserstack-service[39m teardown started
[90m2024-12-18T13:31:00.967Z[39m [32mDEBUG[39m [97m@wdio/browserstack-service[39m shutdown started
[90m2024-12-18T13:31:00.967Z[39m [32mDEBUG[39m [97m@wdio/browserstack-service[39m Shutting down request queue
[90m2024-12-18T13:31:00.967Z[39m [32mDEBUG[39m [97m@wdio/browserstack-service[39m shutdown ended
[90m2024-12-18T13:31:00.967Z[39m [32mDEBUG[39m [97m@wdio/browserstack-service[39m teardown ended
[90m2024-12-18T13:31:02.487Z[39m [32mDEBUG[39m [97m@wdio/browserstack-service[39m Added data to request queue. Queue length = 1
[90m2024-12-18T13:31:02.487Z[39m [32mDEBUG[39m [97m@wdio/browserstack-service[39m Force request-queue shutdown, as test run event is received after teardown
[90m2024-12-18T13:31:02.487Z[39m [32mDEBUG[39m [97m@wdio/browserstack-service[39m Sending data from request queue. Data length = 1, Queue length after removal = 0
[90m2024-12-18T13:31:02.487Z[39m [32mDEBUG[39m [97m@wdio/browserstack-service[39m calling callback with kind INTERVAL_QUEUE
[90m2024-12-18T13:31:02.487Z[39m [32mDEBUG[39m [97m@wdio/browserstack-service[39m callback: called with events 1
[90m2024-12-18T13:31:02.610Z[39m [32mDEBUG[39m [97m@wdio/browserstack-service[39m Inside OnComplete hook..
[90m2024-12-18T13:31:02.610Z[39m [32mDEBUG[39m [97m@wdio/browserstack-service[39m Sending stop launch event
[90m2024-12-18T13:31:03.813Z[39m [32mDEBUG[39m [97m@wdio/browserstack-service[39m [STOP_BUILD] Success response: 
[90m2024-12-18T13:31:03.814Z[39m [32mDEBUG[39m [97m@wdio/browserstack-service[39m Reading worker file worker-data-50743.json
[90m2024-12-18T13:31:03.819Z[39m [32mDEBUG[39m [97m@wdio/browserstack-service[39m Sending SDK event with data {
  userName: '[REDACTED]',
  accessKey: '[REDACTED]',
  event_type: 'SDKTestSuccessful',
  detectedFramework: 'WebdriverIO-mocha',
  event_properties: {
    language_framework: 'WebdriverIO_mocha',
    referrer: 'WebdriverIO-mocha/9.4.2',
    language: 'WebdriverIO',
    languageVersion: 'v22.11.0',
    buildName: 'undefined',
    buildIdentifier: 'undefined',
    os: 'Darwin',
    hostname: 'cefalos-MacBook-Air.local',
    productMap: {
      observability: true,
      accessibility: false,
      percy: false,
      automate: true,
      app_automate: false
    },
    product: [ 'observability', 'automate' ],
    productUsage: {
      testObservability: {
        enabled: true,
        manuallySet: false,
        buildHashedId: 'dmeya60qfvhystrfx7vddybfxz94gabsaqorrqav',
        events: {
          buildEvents: {
            started: { isTriggered: true, status: 'success', error: undefined },
            finished: { isTriggered: true, status: 'success', error: undefined }
          },
          testEvents: {
            started: { triggeredCount: 1, sentCount: 1, failedCount: 0 },
            finished: { triggeredCount: 1, sentCount: 1, failedCount: 0 },
            passed: { triggeredCount: 1, sentCount: 1, failedCount: 0 }
          },
          hookEvents: {
            started: { triggeredCount: 0, sentCount: 0, failedCount: 0 },
            finished: { triggeredCount: 0, sentCount: 0, failedCount: 0 }
          },
          logEvents: {
            triggeredCount: 4,
            sentCount: 4,
            failedCount: 0,
            http: { triggeredCount: 4, sentCount: 4, failedCount: 0 }
          },
          cbtSessionEvents: { triggeredCount: 0, sentCount: 0, failedCount: 0 }
        }
      }
    }
  }
}
[90m2024-12-18T13:31:04.471Z[39m [32mDEBUG[39m [97m@wdio/browserstack-service[39m Funnel Event Response: "{\"message\":\"SDK Event recorded successfully\"}"
[90m2024-12-18T13:31:04.471Z[39m [32mDEBUG[39m [97m@wdio/browserstack-service[39m Funnel event success
[90m2024-12-18T13:31:04.518Z[39m [32mDEBUG[39m [97m@wdio/browserstack-service[39m Error in firing request https://upload-observability.browserstack.com/client-logs/upload: TypeError: fetch failed
    at node:internal/deps/undici/undici:13392:13
    at process.processTicksAndRejections (node:internal/process/task_queues:105:5)
    at async nodeRequest (/Users/riyadhasan/Documents/Learning/wdio-appium/node_modules/@wdio/browserstack-service/build/index.js:893:22)
    at async uploadLogs (/Users/riyadhasan/Documents/Learning/wdio-appium/node_modules/@wdio/browserstack-service/build/index.js:1751:20)
    at async BrowserstackLauncherService._uploadServiceLogs (/Users/riyadhasan/Documents/Learning/wdio-appium/node_modules/@wdio/browserstack-service/build/index.js:3291:22)
    at async BrowserstackLauncherService.onComplete (/Users/riyadhasan/Documents/Learning/wdio-appium/node_modules/@wdio/browserstack-service/build/index.js:3164:7)
    at async file:///Users/riyadhasan/Documents/Learning/wdio-appium/node_modules/@wdio/cli/build/index.js:1207:9
    at async Promise.all (index 0)
    at async Launcher.run (file:///Users/riyadhasan/Documents/Learning/wdio-appium/node_modules/@wdio/cli/build/index.js:2288:7)
    at async Module.run (file:///Users/riyadhasan/Documents/Learning/wdio-appium/node_modules/@wdio/cli/build/index.js:3305:16) {
  [cause]: InvalidArgumentError: invalid content-length header
      at processHeader (node:internal/deps/undici/undici:2158:17)
      at new Request (node:internal/deps/undici/undici:1998:15)
      at [dispatch] (node:internal/deps/undici/undici:7700:25)
      at Intercept (node:internal/deps/undici/undici:7435:20)
      at [Intercepted Dispatch] (node:internal/deps/undici/undici:572:16)
      at Client.dispatch (node:internal/deps/undici/undici:588:44)
      at [dispatch] (node:internal/deps/undici/undici:819:32)
      at [Intercepted Dispatch] (node:internal/deps/undici/undici:565:33)
      at Pool.dispatch (node:internal/deps/undici/undici:588:44)
      at [dispatch] (node:internal/deps/undici/undici:8122:27) {
    code: 'UND_ERR_INVALID_ARG'
  }
}
[90m2024-12-18T13:31:04.518Z[39m [32mDEBUG[39m [97m@wdio/browserstack-service[39m Failed to fire api request due to TypeError: fetch failed - TypeError: fetch failed
    at node:internal/deps/undici/undici:13392:13
    at process.processTicksAndRejections (node:internal/process/task_queues:105:5)
    at async nodeRequest (/Users/riyadhasan/Documents/Learning/wdio-appium/node_modules/@wdio/browserstack-service/build/index.js:893:22)
    at async uploadLogs (/Users/riyadhasan/Documents/Learning/wdio-appium/node_modules/@wdio/browserstack-service/build/index.js:1751:20)
    at async BrowserstackLauncherService._uploadServiceLogs (/Users/riyadhasan/Documents/Learning/wdio-appium/node_modules/@wdio/browserstack-service/build/index.js:3291:22)
    at async BrowserstackLauncherService.onComplete (/Users/riyadhasan/Documents/Learning/wdio-appium/node_modules/@wdio/browserstack-service/build/index.js:3164:7)
    at async file:///Users/riyadhasan/Documents/Learning/wdio-appium/node_modules/@wdio/cli/build/index.js:1207:9
    at async Promise.all (index 0)
    at async Launcher.run (file:///Users/riyadhasan/Documents/Learning/wdio-appium/node_modules/@wdio/cli/build/index.js:2288:7)
    at async Module.run (file:///Users/riyadhasan/Documents/Learning/wdio-appium/node_modules/@wdio/cli/build/index.js:3305:16)
[90m2024-12-18T13:31:04.518Z[39m [32mDEBUG[39m [97m@wdio/browserstack-service[39m Response - undefined
